[INFO] Scanning for projects...
[INFO] 
[INFO] ----------------------< com.rdvbi:rdvbi-backend >-----------------------
[INFO] Building rdvbi-backend 0.1.0
[INFO]   from pom.xml
[INFO] --------------------------------[ jar ]---------------------------------
[INFO] 
[INFO] >>> spring-boot:3.3.3:run (default-cli) > test-compile @ rdvbi-backend >>>
[INFO] 
[INFO] --- resources:3.3.1:resources (default-resources) @ rdvbi-backend ---
[WARNING] Using platform encoding (UTF-8 actually) to copy filtered resources, i.e. build is platform dependent!
[INFO] Copying 6 resources from src\main\resources to target\classes
[INFO] 
[INFO] --- compiler:3.13.0:compile (default-compile) @ rdvbi-backend ---
[INFO] Nothing to compile - all classes are up to date.
[INFO] 
[INFO] --- resources:3.3.1:testResources (default-testResources) @ rdvbi-backend ---
[WARNING] Using platform encoding (UTF-8 actually) to copy filtered resources, i.e. build is platform dependent!
[INFO] skip non existing resourceDirectory C:\dev\RDV.BI\backend\src\test\resources
[INFO] 
[INFO] --- compiler:3.13.0:testCompile (default-testCompile) @ rdvbi-backend ---
[INFO] No sources to compile
[INFO] 
[INFO] <<< spring-boot:3.3.3:run (default-cli) < test-compile @ rdvbi-backend <<<
[INFO] 
[INFO] 
[INFO] --- spring-boot:3.3.3:run (default-cli) @ rdvbi-backend ---
[INFO] Attaching agents: []

  .   ____          _            __ _ _
 /\\ / ___'_ __ _ _(_)_ __  __ _ \ \ \ \
( ( )\___ | '_ | '_| | '_ \/ _` | \ \ \ \
 \\/  ___)| |_)| | | | | || (_| |  ) ) ) )
  '  |____| .__|_| |_|_| |_\__, | / / / /
 =========|_|==============|___/=/_/_/_/

 :: Spring Boot ::                (v3.3.3)

2026-03-13T16:55:09.234+01:00  INFO 50680 --- [           main] com.rdvbi.backend.BackendApplication     : Starting BackendApplication using Java 21.0.9 with PID 50680 (C:\dev\RDV.BI\backend\target\classes started by iteri in C:\dev\RDV.BI\backend)
2026-03-13T16:55:09.237+01:00  INFO 50680 --- [           main] com.rdvbi.backend.BackendApplication     : No active profile set, falling back to 1 default profile: "default"
2026-03-13T16:55:10.131+01:00  INFO 50680 --- [           main] .s.d.r.c.RepositoryConfigurationDelegate : Bootstrapping Spring Data JPA repositories in DEFAULT mode.
2026-03-13T16:55:10.202+01:00  INFO 50680 --- [           main] .s.d.r.c.RepositoryConfigurationDelegate : Finished Spring Data repository scanning in 63 ms. Found 6 JPA repository interfaces.
